[2026-03-17 17:09:30 +0800] [124597] [INFO] Starting gunicorn 25.1.0
[2026-03-17 17:09:30 +0800] [124597] [INFO] Listening at: http://0.0.0.0:8088 (124597)
[2026-03-17 17:09:30 +0800] [124597] [INFO] Using worker: sync
[2026-03-17 17:09:30 +0800] [124597] [INFO] Control socket listening at /root/.openclaw/workspace/projects/price-platform/backend/gunicorn.ctl
[2026-03-17 17:09:30 +0800] [124599] [INFO] Booting worker with pid: 124599
[2026-03-17 17:09:30 +0800] [124600] [INFO] Booting worker with pid: 124600
[2026-03-17 17:09:31 +0800] [124599] [ERROR] Exception in worker process
Traceback (most recent call last):
  File "/usr/local/lib/python3.12/dist-packages/gunicorn/arbiter.py", line 708, in spawn_worker
    worker.init_process()
  File "/usr/local/lib/python3.12/dist-packages/gunicorn/workers/base.py", line 136, in init_process
    self.load_wsgi()
  File "/usr/local/lib/python3.12/dist-packages/gunicorn/workers/base.py", line 148, in load_wsgi
    self.wsgi = self.app.wsgi()
                ^^^^^^^^^^^^^^^
  File "/usr/local/lib/python3.12/dist-packages/gunicorn/app/base.py", line 66, in wsgi
    self.callable = self.load()
                    ^^^^^^^^^^^
  File "/usr/local/lib/python3.12/dist-packages/gunicorn/app/wsgiapp.py", line 57, in load
    return self.load_wsgiapp()
           ^^^^^^^^^^^^^^^^^^^
  File "/usr/local/lib/python3.12/dist-packages/gunicorn/app/wsgiapp.py", line 47, in load_wsgiapp
    return util.import_app(self.app_uri)
           ^^^^^^^^^^^^^^^^^^^^^^^^^^^^^
  File "/usr/local/lib/python3.12/dist-packages/gunicorn/util.py", line 430, in import_app
    app = app(*args, **kwargs)
          ^^^^^^^^^^^^^^^^^^^^
  File "/root/.openclaw/workspace/projects/price-platform/backend/app/__init__.py", line 15, in create_app
    app.config['SQLALCHEMY_DATABASE_URI'] = os.getenv('DATABASE_URI', 'sqlite:////root/.openclaw/workspace/projects/price-platform/backend/app.db')
                                            ^^
UnboundLocalError: cannot access local variable 'os' where it is not associated with a value
cannot access local variable 'os' where it is not associated with a value
[2026-03-17 17:09:31 +0800] [124599] [INFO] Worker exiting (pid: 124599)
[2026-03-17 17:09:31 +0800] [124597] [ERROR] Worker (pid:124599) exited with code 3.
[2026-03-17 17:09:31 +0800] [124600] [ERROR] Exception in worker process
Traceback (most recent call last):
  File "/usr/local/lib/python3.12/dist-packages/gunicorn/arbiter.py", line 708, in spawn_worker
    worker.init_process()
  File "/usr/local/lib/python3.12/dist-packages/gunicorn/workers/base.py", line 136, in init_process
    self.load_wsgi()
  File "/usr/local/lib/python3.12/dist-packages/gunicorn/workers/base.py", line 148, in load_wsgi
    self.wsgi = self.app.wsgi()
                ^^^^^^^^^^^^^^^
  File "/usr/local/lib/python3.12/dist-packages/gunicorn/app/base.py", line 66, in wsgi
    self.callable = self.load()
                    ^^^^^^^^^^^
  File "/usr/local/lib/python3.12/dist-packages/gunicorn/app/wsgiapp.py", line 57, in load
    return self.load_wsgiapp()
           ^^^^^^^^^^^^^^^^^^^
  File "/usr/local/lib/python3.12/dist-packages/gunicorn/app/wsgiapp.py", line 47, in load_wsgiapp
    return util.import_app(self.app_uri)
           ^^^^^^^^^^^^^^^^^^^^^^^^^^^^^
  File "/usr/local/lib/python3.12/dist-packages/gunicorn/util.py", line 430, in import_app
    app = app(*args, **kwargs)
          ^^^^^^^^^^^^^^^^^^^^
  File "/root/.openclaw/workspace/projects/price-platform/backend/app/__init__.py", line 15, in create_app
    app.config['SQLALCHEMY_DATABASE_URI'] = os.getenv('DATABASE_URI', 'sqlite:////root/.openclaw/workspace/projects/price-platform/backend/app.db')
                                            ^^
UnboundLocalError: cannot access local variable 'os' where it is not associated with a value
cannot access local variable 'os' where it is not associated with a value
[2026-03-17 17:09:31 +0800] [124600] [INFO] Worker exiting (pid: 124600)
[2026-03-17 17:09:31 +0800] [124597] [ERROR] Worker (pid:124600) exited with code 3.
Traceback (most recent call last):
  File "/usr/local/lib/python3.12/dist-packages/gunicorn/arbiter.py", line 242, in run
    handler()
  File "/usr/local/lib/python3.12/dist-packages/gunicorn/arbiter.py", line 267, in handle_chld
    self.reap_workers()
  File "/usr/local/lib/python3.12/dist-packages/gunicorn/arbiter.py", line 637, in reap_workers
    raise HaltServer(reason, self.WORKER_BOOT_ERROR)
gunicorn.errors.HaltServer: <HaltServer 'Worker failed to boot.' 3>

During handling of the above exception, another exception occurred:

Traceback (most recent call last):
  File "/usr/local/bin/gunicorn", line 8, in <module>
    sys.exit(run())
             ^^^^^
  File "/usr/local/lib/python3.12/dist-packages/gunicorn/app/wsgiapp.py", line 66, in run
    WSGIApplication("%(prog)s [OPTIONS] [APP_MODULE]", prog=prog).run()
  File "/usr/local/lib/python3.12/dist-packages/gunicorn/app/base.py", line 235, in run
    super().run()
  File "/usr/local/lib/python3.12/dist-packages/gunicorn/app/base.py", line 71, in run
    Arbiter(self).run()
  File "/usr/local/lib/python3.12/dist-packages/gunicorn/arbiter.py", line 250, in run
    self.halt(reason=inst.reason, exit_status=inst.exit_status)
  File "/usr/local/lib/python3.12/dist-packages/gunicorn/arbiter.py", line 374, in halt
    self.stop()
  File "/usr/local/lib/python3.12/dist-packages/gunicorn/arbiter.py", line 454, in stop
    self.reap_workers()
  File "/usr/local/lib/python3.12/dist-packages/gunicorn/arbiter.py", line 637, in reap_workers
    raise HaltServer(reason, self.WORKER_BOOT_ERROR)
gunicorn.errors.HaltServer: <HaltServer 'Worker failed to boot.' 3>
[2026-03-17 17:10:20 +0800] [124672] [INFO] Starting gunicorn 25.1.0
[2026-03-17 17:10:20 +0800] [124672] [INFO] Listening at: http://0.0.0.0:8088 (124672)
[2026-03-17 17:10:20 +0800] [124672] [INFO] Using worker: sync
[2026-03-17 17:10:20 +0800] [124672] [INFO] Control socket listening at /root/.openclaw/workspace/projects/price-platform/backend/gunicorn.ctl
[2026-03-17 17:10:20 +0800] [124674] [INFO] Booting worker with pid: 124674
[2026-03-17 17:10:20 +0800] [124675] [INFO] Booting worker with pid: 124675
[2026-03-17 17:10:20 +0800] [124674] [ERROR] Exception in worker process
Traceback (most recent call last):
  File "/usr/local/lib/python3.12/dist-packages/gunicorn/arbiter.py", line 708, in spawn_worker
    worker.init_process()
  File "/usr/local/lib/python3.12/dist-packages/gunicorn/workers/base.py", line 136, in init_process
    self.load_wsgi()
  File "/usr/local/lib/python3.12/dist-packages/gunicorn/workers/base.py", line 148, in load_wsgi
    self.wsgi = self.app.wsgi()
                ^^^^^^^^^^^^^^^
  File "/usr/local/lib/python3.12/dist-packages/gunicorn/app/base.py", line 66, in wsgi
    self.callable = self.load()
                    ^^^^^^^^^^^
  File "/usr/local/lib/python3.12/dist-packages/gunicorn/app/wsgiapp.py", line 57, in load
    return self.load_wsgiapp()
           ^^^^^^^^^^^^^^^^^^^
  File "/usr/local/lib/python3.12/dist-packages/gunicorn/app/wsgiapp.py", line 47, in load_wsgiapp
    return util.import_app(self.app_uri)
           ^^^^^^^^^^^^^^^^^^^^^^^^^^^^^
  File "/usr/local/lib/python3.12/dist-packages/gunicorn/util.py", line 377, in import_app
    mod = importlib.import_module(module)
          ^^^^^^^^^^^^^^^^^^^^^^^^^^^^^^^
  File "/usr/lib/python3.12/importlib/__init__.py", line 90, in import_module
    return _bootstrap._gcd_import(name[level:], package, level)
           ^^^^^^^^^^^^^^^^^^^^^^^^^^^^^^^^^^^^^^^^^^^^^^^^^^^^
  File "<frozen importlib._bootstrap>", line 1387, in _gcd_import
  File "<frozen importlib._bootstrap>", line 1360, in _find_and_load
  File "<frozen importlib._bootstrap>", line 1331, in _find_and_load_unlocked
  File "<frozen importlib._bootstrap>", line 935, in _load_unlocked
  File "<frozen importlib._bootstrap_external>", line 995, in exec_module
  File "<frozen importlib._bootstrap>", line 488, in _call_with_frames_removed
  File "/root/.openclaw/workspace/projects/price-platform/backend/wsgi.py", line 3, in <module>
    app = create_app()
          ^^^^^^^^^^^^
  File "/root/.openclaw/workspace/projects/price-platform/backend/app/__init__.py", line 15, in create_app
    app.config['SQLALCHEMY_DATABASE_URI'] = os.getenv('DATABASE_URI', 'sqlite:////root/.openclaw/workspace/projects/price-platform/backend/app.db')
                                            ^^
UnboundLocalError: cannot access local variable 'os' where it is not associated with a value
cannot access local variable 'os' where it is not associated with a value
[2026-03-17 17:10:20 +0800] [124674] [INFO] Worker exiting (pid: 124674)
[2026-03-17 17:10:20 +0800] [124672] [ERROR] Worker (pid:124674) exited with code 3.
[2026-03-17 17:10:20 +0800] [124675] [ERROR] Exception in worker process
Traceback (most recent call last):
  File "/usr/local/lib/python3.12/dist-packages/gunicorn/arbiter.py", line 708, in spawn_worker
    worker.init_process()
  File "/usr/local/lib/python3.12/dist-packages/gunicorn/workers/base.py", line 136, in init_process
    self.load_wsgi()
  File "/usr/local/lib/python3.12/dist-packages/gunicorn/workers/base.py", line 148, in load_wsgi
    self.wsgi = self.app.wsgi()
                ^^^^^^^^^^^^^^^
  File "/usr/local/lib/python3.12/dist-packages/gunicorn/app/base.py", line 66, in wsgi
    self.callable = self.load()
                    ^^^^^^^^^^^
  File "/usr/local/lib/python3.12/dist-packages/gunicorn/app/wsgiapp.py", line 57, in load
    return self.load_wsgiapp()
           ^^^^^^^^^^^^^^^^^^^
  File "/usr/local/lib/python3.12/dist-packages/gunicorn/app/wsgiapp.py", line 47, in load_wsgiapp
    return util.import_app(self.app_uri)
           ^^^^^^^^^^^^^^^^^^^^^^^^^^^^^
  File "/usr/local/lib/python3.12/dist-packages/gunicorn/util.py", line 377, in import_app
    mod = importlib.import_module(module)
          ^^^^^^^^^^^^^^^^^^^^^^^^^^^^^^^
  File "/usr/lib/python3.12/importlib/__init__.py", line 90, in import_module
    return _bootstrap._gcd_import(name[level:], package, level)
           ^^^^^^^^^^^^^^^^^^^^^^^^^^^^^^^^^^^^^^^^^^^^^^^^^^^^
  File "<frozen importlib._bootstrap>", line 1387, in _gcd_import
  File "<frozen importlib._bootstrap>", line 1360, in _find_and_load
  File "<frozen importlib._bootstrap>", line 1331, in _find_and_load_unlocked
  File "<frozen importlib._bootstrap>", line 935, in _load_unlocked
  File "<frozen importlib._bootstrap_external>", line 995, in exec_module
  File "<frozen importlib._bootstrap>", line 488, in _call_with_frames_removed
  File "/root/.openclaw/workspace/projects/price-platform/backend/wsgi.py", line 3, in <module>
    app = create_app()
          ^^^^^^^^^^^^
  File "/root/.openclaw/workspace/projects/price-platform/backend/app/__init__.py", line 15, in create_app
    app.config['SQLALCHEMY_DATABASE_URI'] = os.getenv('DATABASE_URI', 'sqlite:////root/.openclaw/workspace/projects/price-platform/backend/app.db')
                                            ^^
UnboundLocalError: cannot access local variable 'os' where it is not associated with a value
cannot access local variable 'os' where it is not associated with a value
[2026-03-17 17:10:20 +0800] [124675] [INFO] Worker exiting (pid: 124675)
[2026-03-17 17:10:21 +0800] [124672] [ERROR] Worker (pid:124675) exited with code 3.
Traceback (most recent call last):
  File "/usr/local/lib/python3.12/dist-packages/gunicorn/arbiter.py", line 242, in run
    handler()
  File "/usr/local/lib/python3.12/dist-packages/gunicorn/arbiter.py", line 267, in handle_chld
    self.reap_workers()
  File "/usr/local/lib/python3.12/dist-packages/gunicorn/arbiter.py", line 637, in reap_workers
    raise HaltServer(reason, self.WORKER_BOOT_ERROR)
gunicorn.errors.HaltServer: <HaltServer 'Worker failed to boot.' 3>

During handling of the above exception, another exception occurred:

Traceback (most recent call last):
  File "/usr/local/bin/gunicorn", line 8, in <module>
    sys.exit(run())
             ^^^^^
  File "/usr/local/lib/python3.12/dist-packages/gunicorn/app/wsgiapp.py", line 66, in run
    WSGIApplication("%(prog)s [OPTIONS] [APP_MODULE]", prog=prog).run()
  File "/usr/local/lib/python3.12/dist-packages/gunicorn/app/base.py", line 235, in run
    super().run()
  File "/usr/local/lib/python3.12/dist-packages/gunicorn/app/base.py", line 71, in run
    Arbiter(self).run()
  File "/usr/local/lib/python3.12/dist-packages/gunicorn/arbiter.py", line 250, in run
    self.halt(reason=inst.reason, exit_status=inst.exit_status)
  File "/usr/local/lib/python3.12/dist-packages/gunicorn/arbiter.py", line 374, in halt
    self.stop()
  File "/usr/local/lib/python3.12/dist-packages/gunicorn/arbiter.py", line 454, in stop
    self.reap_workers()
  File "/usr/local/lib/python3.12/dist-packages/gunicorn/arbiter.py", line 637, in reap_workers
    raise HaltServer(reason, self.WORKER_BOOT_ERROR)
gunicorn.errors.HaltServer: <HaltServer 'Worker failed to boot.' 3>
